This file contains any messages produced by compilers while
running configure, to aid debugging if configure makes a mistake.

It was created by gsl_special_functions configure 1.0, which was
generated by GNU Autoconf 2.69.  Invocation command line was

  $ /home/hamed/Documents/Mars/C++/workspace/gsl_special_functions/configure 

## --------- ##
## Platform. ##
## --------- ##

hostname = hamed-vaio
uname -m = x86_64
uname -r = 3.13.0-55-generic
uname -s = Linux
uname -v = #94-Ubuntu SMP Thu Jun 18 00:27:10 UTC 2015

/usr/bin/uname -p = unknown
/bin/uname -X     = unknown

/bin/arch              = unknown
/usr/bin/arch -k       = unknown
/usr/convex/getsysinfo = unknown
/usr/bin/hostinfo      = unknown
/bin/machine           = unknown
/usr/bin/oslevel       = unknown
/bin/universe          = unknown

PATH: /home/hamed/bin
PATH: /usr/local/sbin
PATH: /usr/local/bin
PATH: /usr/sbin
PATH: /usr/bin
PATH: /sbin
PATH: /bin
PATH: /usr/games
PATH: /usr/local/games


## ----------- ##
## Core tests. ##
## ----------- ##

configure:1882: checking build system type
configure:1896: result: x86_64-unknown-linux-gnu
configure:1916: checking host system type
configure:1929: result: x86_64-unknown-linux-gnu
configure:1949: checking target system type
configure:1962: result: x86_64-unknown-linux-gnu
configure:2005: checking for a BSD-compatible install
configure:2073: result: /usr/bin/install -c
configure:2084: checking whether build environment is sane
configure:2139: result: yes
configure:2290: checking for a thread-safe mkdir -p
configure:2329: result: /bin/mkdir -p
configure:2336: checking for gawk
configure:2352: found /usr/bin/gawk
configure:2363: result: gawk
configure:2374: checking whether make sets $(MAKE)
configure:2396: result: yes
configure:2425: checking whether make supports nested variables
configure:2442: result: yes
configure:2616: checking for gcc
configure:2632: found /usr/bin/gcc
configure:2643: result: gcc
configure:2872: checking for C compiler version
configure:2881: gcc --version >&5
gcc (Ubuntu 4.8.4-2ubuntu1~14.04) 4.8.4
Copyright (C) 2013 Free Software Foundation, Inc.
This is free software; see the source for copying conditions.  There is NO
warranty; not even for MERCHANTABILITY or FITNESS FOR A PARTICULAR PURPOSE.

configure:2892: $? = 0
configure:2881: gcc -v >&5
Using built-in specs.
COLLECT_GCC=gcc
COLLECT_LTO_WRAPPER=/usr/lib/gcc/x86_64-linux-gnu/4.8/lto-wrapper
Target: x86_64-linux-gnu
Configured with: ../src/configure -v --with-pkgversion='Ubuntu 4.8.4-2ubuntu1~14.04' --with-bugurl=file:///usr/share/doc/gcc-4.8/README.Bugs --enable-languages=c,c++,java,go,d,fortran,objc,obj-c++ --prefix=/usr --program-suffix=-4.8 --enable-shared --enable-linker-build-id --libexecdir=/usr/lib --without-included-gettext --enable-threads=posix --with-gxx-include-dir=/usr/include/c++/4.8 --libdir=/usr/lib --enable-nls --with-sysroot=/ --enable-clocale=gnu --enable-libstdcxx-debug --enable-libstdcxx-time=yes --enable-gnu-unique-object --disable-libmudflap --enable-plugin --with-system-zlib --disable-browser-plugin --enable-java-awt=gtk --enable-gtk-cairo --with-java-home=/usr/lib/jvm/java-1.5.0-gcj-4.8-amd64/jre --enable-java-home --with-jvm-root-dir=/usr/lib/jvm/java-1.5.0-gcj-4.8-amd64 --with-jvm-jar-dir=/usr/lib/jvm-exports/java-1.5.0-gcj-4.8-amd64 --with-arch-directory=amd64 --with-ecj-jar=/usr/share/java/eclipse-ecj.jar --enable-objc-gc --enable-multiarch --disable-werror --with-arch-32=i686 --with-abi=m64 --with-multilib-list=m32,m64,mx32 --with-tune=generic --enable-checking=release --build=x86_64-linux-gnu --host=x86_64-linux-gnu --target=x86_64-linux-gnu
Thread model: posix
gcc version 4.8.4 (Ubuntu 4.8.4-2ubuntu1~14.04) 
configure:2892: $? = 0
configure:2881: gcc -V >&5
gcc: error: unrecognized command line option '-V'
gcc: fatal error: no input files
compilation terminated.
configure:2892: $? = 4
configure:2881: gcc -qversion >&5
gcc: error: unrecognized command line option '-qversion'
gcc: fatal error: no input files
compilation terminated.
configure:2892: $? = 4
configure:2912: checking whether the C compiler works
configure:2934: gcc    conftest.c  >&5
configure:2938: $? = 0
configure:2986: result: yes
configure:2989: checking for C compiler default output file name
configure:2991: result: a.out
configure:2997: checking for suffix of executables
configure:3004: gcc -o conftest    conftest.c  >&5
configure:3008: $? = 0
configure:3030: result: 
configure:3052: checking whether we are cross compiling
configure:3060: gcc -o conftest    conftest.c  >&5
configure:3064: $? = 0
configure:3071: ./conftest
configure:3075: $? = 0
configure:3090: result: no
configure:3095: checking for suffix of object files
configure:3117: gcc -c   conftest.c >&5
configure:3121: $? = 0
configure:3142: result: o
configure:3146: checking whether we are using the GNU C compiler
configure:3165: gcc -c   conftest.c >&5
configure:3165: $? = 0
configure:3174: result: yes
configure:3183: checking whether gcc accepts -g
configure:3203: gcc -c -g  conftest.c >&5
configure:3203: $? = 0
configure:3244: result: yes
configure:3261: checking for gcc option to accept ISO C89
configure:3324: gcc  -c -g -O2  conftest.c >&5
configure:3324: $? = 0
configure:3337: result: none needed
configure:3362: checking whether gcc understands -c and -o together
configure:3384: gcc -c conftest.c -o conftest2.o
configure:3387: $? = 0
configure:3384: gcc -c conftest.c -o conftest2.o
configure:3387: $? = 0
configure:3399: result: yes
configure:3427: checking for style of include used by make
configure:3455: result: GNU
configure:3481: checking dependency style of gcc
configure:3592: result: gcc3
configure:3609: checking for cos in -lm
configure:3634: gcc -o conftest -g -O2   conftest.c -lm   >&5
conftest.c:18:6: warning: conflicting types for built-in function 'cos' [enabled by default]
 char cos ();
      ^
configure:3634: $? = 0
configure:3643: result: yes
configure:3654: checking for cblas_dgemm in -lgslcblas
configure:3679: gcc -o conftest -g -O2   conftest.c -lgslcblas  -lm  >&5
configure:3679: $? = 0
configure:3688: result: yes
configure:3699: checking for gsl_blas_dgemm in -lgsl
configure:3724: gcc -o conftest -g -O2   conftest.c -lgsl  -lgslcblas -lm  >&5
configure:3724: $? = 0
configure:3733: result: yes
configure:3892: checking that generated files are newer than configure
configure:3898: result: done
configure:3921: creating ./config.status

## ---------------------- ##
## Running config.status. ##
## ---------------------- ##

This file was extended by gsl_special_functions config.status 1.0, which was
generated by GNU Autoconf 2.69.  Invocation command line was

  CONFIG_FILES    = 
  CONFIG_HEADERS  = 
  CONFIG_LINKS    = 
  CONFIG_COMMANDS = 
  $ ./config.status 

on hamed-vaio

config.status:786: creating Makefile
config.status:786: creating src/Makefile
config.status:958: executing depfiles commands

## ---------------- ##
## Cache variables. ##
## ---------------- ##

ac_cv_build=x86_64-unknown-linux-gnu
ac_cv_c_compiler_gnu=yes
ac_cv_env_CC_set=
ac_cv_env_CC_value=
ac_cv_env_CFLAGS_set=
ac_cv_env_CFLAGS_value=
ac_cv_env_CPPFLAGS_set=
ac_cv_env_CPPFLAGS_value=
ac_cv_env_LDFLAGS_set=
ac_cv_env_LDFLAGS_value=
ac_cv_env_LIBS_set=
ac_cv_env_LIBS_value=
ac_cv_env_build_alias_set=
ac_cv_env_build_alias_value=
ac_cv_env_host_alias_set=
ac_cv_env_host_alias_value=
ac_cv_env_target_alias_set=
ac_cv_env_target_alias_value=
ac_cv_host=x86_64-unknown-linux-gnu
ac_cv_lib_gsl_gsl_blas_dgemm=yes
ac_cv_lib_gslcblas_cblas_dgemm=yes
ac_cv_lib_m_cos=yes
ac_cv_objext=o
ac_cv_path_install='/usr/bin/install -c'
ac_cv_path_mkdir=/bin/mkdir
ac_cv_prog_AWK=gawk
ac_cv_prog_ac_ct_CC=gcc
ac_cv_prog_cc_c89=
ac_cv_prog_cc_g=yes
ac_cv_prog_make_make_set=yes
ac_cv_target=x86_64-unknown-linux-gnu
am_cv_CC_dependencies_compiler_type=gcc3
am_cv_make_support_nested_variables=yes
am_cv_prog_cc_c_o=yes

## ----------------- ##
## Output variables. ##
## ----------------- ##

ACLOCAL='${SHELL} /home/hamed/Documents/Mars/C++/workspace/gsl_special_functions/missing aclocal-1.14'
AMDEPBACKSLASH='\'
AMDEP_FALSE='#'
AMDEP_TRUE=''
AMTAR='$${TAR-tar}'
AM_BACKSLASH='\'
AM_DEFAULT_V='$(AM_DEFAULT_VERBOSITY)'
AM_DEFAULT_VERBOSITY='1'
AM_V='$(V)'
AUTOCONF='${SHELL} /home/hamed/Documents/Mars/C++/workspace/gsl_special_functions/missing autoconf'
AUTOHEADER='${SHELL} /home/hamed/Documents/Mars/C++/workspace/gsl_special_functions/missing autoheader'
AUTOMAKE='${SHELL} /home/hamed/Documents/Mars/C++/workspace/gsl_special_functions/missing automake-1.14'
AWK='gawk'
CC='gcc'
CCDEPMODE='depmode=gcc3'
CFLAGS='-g -O2'
CPPFLAGS=''
CYGPATH_W='echo'
DEFS='-DPACKAGE_NAME=\"gsl_special_functions\" -DPACKAGE_TARNAME=\"gsl_special_functions\" -DPACKAGE_VERSION=\"1.0\" -DPACKAGE_STRING=\"gsl_special_functions\ 1.0\" -DPACKAGE_BUGREPORT=\"\" -DPACKAGE_URL=\"\" -DPACKAGE=\"gsl_special_functions\" -DVERSION=\"1.0\" -DHAVE_LIBM=1 -DHAVE_LIBGSLCBLAS=1 -DHAVE_LIBGSL=1'
DEPDIR='.deps'
ECHO_C=''
ECHO_N='-n'
ECHO_T=''
EXEEXT=''
INSTALL_DATA='${INSTALL} -m 644'
INSTALL_PROGRAM='${INSTALL}'
INSTALL_SCRIPT='${INSTALL}'
INSTALL_STRIP_PROGRAM='$(install_sh) -c -s'
LDFLAGS=''
LIBOBJS=''
LIBS='-lgsl -lgslcblas -lm '
LTLIBOBJS=''
MAKEINFO='${SHELL} /home/hamed/Documents/Mars/C++/workspace/gsl_special_functions/missing makeinfo'
MKDIR_P='/bin/mkdir -p'
OBJEXT='o'
PACKAGE='gsl_special_functions'
PACKAGE_BUGREPORT=''
PACKAGE_NAME='gsl_special_functions'
PACKAGE_STRING='gsl_special_functions 1.0'
PACKAGE_TARNAME='gsl_special_functions'
PACKAGE_URL=''
PACKAGE_VERSION='1.0'
PATH_SEPARATOR=':'
SET_MAKE=''
SHELL='/bin/bash'
STRIP=''
VERSION='1.0'
ac_ct_CC='gcc'
am__EXEEXT_FALSE=''
am__EXEEXT_TRUE='#'
am__fastdepCC_FALSE='#'
am__fastdepCC_TRUE=''
am__include='include'
am__isrc=''
am__leading_dot='.'
am__nodep='_no'
am__quote=''
am__tar='$${TAR-tar} chof - "$$tardir"'
am__untar='$${TAR-tar} xf -'
bindir='${exec_prefix}/bin'
build='x86_64-unknown-linux-gnu'
build_alias=''
build_cpu='x86_64'
build_os='linux-gnu'
build_vendor='unknown'
datadir='${datarootdir}'
datarootdir='${prefix}/share'
docdir='${datarootdir}/doc/${PACKAGE_TARNAME}'
dvidir='${docdir}'
exec_prefix='${prefix}'
host='x86_64-unknown-linux-gnu'
host_alias=''
host_cpu='x86_64'
host_os='linux-gnu'
host_vendor='unknown'
htmldir='${docdir}'
includedir='${prefix}/include'
infodir='${datarootdir}/info'
install_sh='${SHELL} /home/hamed/Documents/Mars/C++/workspace/gsl_special_functions/install-sh'
libdir='${exec_prefix}/lib'
libexecdir='${exec_prefix}/libexec'
localedir='${datarootdir}/locale'
localstatedir='${prefix}/var'
mandir='${datarootdir}/man'
mkdir_p='$(MKDIR_P)'
oldincludedir='/usr/include'
pdfdir='${docdir}'
prefix='/usr/local'
program_transform_name='s,x,x,'
psdir='${docdir}'
sbindir='${exec_prefix}/sbin'
sharedstatedir='${prefix}/com'
sysconfdir='${prefix}/etc'
target='x86_64-unknown-linux-gnu'
target_alias=''
target_cpu='x86_64'
target_os='linux-gnu'
target_vendor='unknown'

## ----------- ##
## confdefs.h. ##
## ----------- ##

/* confdefs.h */
#define PACKAGE_NAME "gsl_special_functions"
#define PACKAGE_TARNAME "gsl_special_functions"
#define PACKAGE_VERSION "1.0"
#define PACKAGE_STRING "gsl_special_functions 1.0"
#define PACKAGE_BUGREPORT ""
#define PACKAGE_URL ""
#define PACKAGE "gsl_special_functions"
#define VERSION "1.0"
#define HAVE_LIBM 1
#define HAVE_LIBGSLCBLAS 1
#define HAVE_LIBGSL 1

configure: exit 0
